<?xml version="1.0" encoding="UTF-8"?>
<!-- Generated by org.testng.reporters.JUnitXMLReporter -->
<testsuite hostname="LAPTOP-EPMHA2ST" ignored="0" name="Surefire test" tests="10" failures="0" timestamp="2023-01-25T11:34:30 IST" time="258.341" errors="0">
  <testcase name="oneWayFromTextField" time="27.821" classname="Bus.Bus_Confirmation_008_Test"/>
  <testcase name="searchFlights" time="21.229" classname="Bus.Bus_Oneway_005_Test$Bus_Oneway_004Test"/>
  <testcase name="oneWayFromTextField" time="5.616" classname="Bus.Bus_Oneway_001_Test"/>
  <testcase name="negativeFromTextField" time="15.781" classname="Bus.Bus_Oneway_002_Test"/>
  <testcase name="oneWayToTextField" time="11.601" classname="Bus.Bus_Oneway_003_Test"/>
  <testcase name="negativeToTextField" time="3.88" classname="Bus.Bus_Oneway_004_Test"/>
  <testcase name="searchButton" time="4.613" classname="Bus.Bus_Oneway_006_Test"/>
  <testcase name="oneWaySystemTesting" time="11.346" classname="Bus.Bus_Oneway_009_Test"/>
  <testcase name="oneWaySystemTesting" time="26.295" classname="Bus.Bus_Oneway_Place_Test"/>
  <testcase name="oneWayFromTextField" time="42.14" classname="Bus.Bus_Result_007_Test"/>
</testsuite> <!-- Surefire test -->
