<?xml version="1.0" encoding="UTF-8"?>
<!-- Generated by org.testng.reporters.JUnitXMLReporter -->
<testsuite hostname="LAPTOP-EPMHA2ST" ignored="0" name="Test" tests="5" failures="0" timestamp="2023-01-25T09:35:50 IST" time="193.787" errors="0">
  <testcase name="oneWaySystemTesting" time="44.276" classname="Bus.Bus_Oneway_Place_Test"/>
  <testcase name="oneWaySystemTesting" time="15.409" classname="Bus.Bus_Oneway_Place_Test"/>
  <testcase name="oneWaySystemTesting" time="25.412" classname="Bus.Bus_Oneway_Place_Test"/>
  <testcase name="oneWaySystemTesting" time="36.013" classname="Bus.Bus_Oneway_Place_Test"/>
  <testcase name="oneWaySystemTesting" time="25.589" classname="Bus.Bus_Oneway_Place_Test"/>
</testsuite> <!-- Test -->
