<?xml version="1.0" encoding="UTF-8"?>
<testng-results skipped="0" failed="0" ignored="0" total="1" passed="1">
  <reporter-output>
    <line>
      <![CDATA[Empty Chrome Browser is launched Successfully]]>
    </line>
    <line>
      <![CDATA[Browser Window is maximized]]>
    </line>
    <line>
      <![CDATA[Landed Succesfully to the Home Page of the application]]>
    </line>
    <line>
      <![CDATA[Data Entered Successfully in fromTextField in homePage]]>
    </line>
    <line>
      <![CDATA[Data Entered Successfully in toTextField in homePage]]>
    </line>
    <line>
      <![CDATA[Landed Succesfully to the Bus Result Page of the application]]>
    </line>
    <line>
      <![CDATA[clicked on the view seats button]]>
    </line>
  </reporter-output>
  <suite name="Default suite" duration-ms="20397" started-at="2023-01-25T09:50:38 IST" finished-at="2023-01-25T09:50:59 IST">
    <groups>
    </groups>
    <test name="Default test" duration-ms="20397" started-at="2023-01-25T09:50:38 IST" finished-at="2023-01-25T09:50:59 IST">
      <class name="Bus.Bus_Oneway_009_Test">
        <test-method status="PASS" signature="browserSetUp(java.lang.String)[pri:0, instance:Bus.Bus_Oneway_009_Test@2a556333]" name="browserSetUp" is-config="true" duration-ms="7051" started-at="2023-01-25T09:50:39 IST" finished-at="2023-01-25T09:50:46 IST">
          <params>
            <param index="0">
              <value>
                <![CDATA[chrome]]>
              </value>
            </param>
          </params>
          <reporter-output>
            <line>
              <![CDATA[Empty Chrome Browser is launched Successfully]]>
            </line>
            <line>
              <![CDATA[Browser Window is maximized]]>
            </line>
            <line>
              <![CDATA[Landed Succesfully to the Home Page of the application]]>
            </line>
          </reporter-output>
        </test-method> <!-- browserSetUp -->
        <test-method status="PASS" signature="oneWaySystemTesting([Ljava.lang.String;)[pri:0, instance:Bus.Bus_Oneway_009_Test@2a556333]" name="oneWaySystemTesting" duration-ms="11707" started-at="2023-01-25T09:50:46 IST" data-provider="data" finished-at="2023-01-25T09:50:58 IST">
          <params>
            <param index="0">
              <value>
                <![CDATA[[Ljava.lang.String;@5dc3fcb7]]>
              </value>
            </param>
          </params>
          <reporter-output>
            <line>
              <![CDATA[Data Entered Successfully in fromTextField in homePage]]>
            </line>
            <line>
              <![CDATA[Data Entered Successfully in toTextField in homePage]]>
            </line>
            <line>
              <![CDATA[Landed Succesfully to the Bus Result Page of the application]]>
            </line>
            <line>
              <![CDATA[clicked on the view seats button]]>
            </line>
          </reporter-output>
        </test-method> <!-- oneWaySystemTesting -->
        <test-method status="PASS" signature="browserTermination()[pri:0, instance:Bus.Bus_Oneway_009_Test@2a556333]" name="browserTermination" is-config="true" duration-ms="763" started-at="2023-01-25T09:50:58 IST" finished-at="2023-01-25T09:50:59 IST">
          <reporter-output>
          </reporter-output>
        </test-method> <!-- browserTermination -->
      </class> <!-- Bus.Bus_Oneway_009_Test -->
    </test> <!-- Default test -->
  </suite> <!-- Default suite -->
</testng-results>
