<?xml version="1.0" encoding="UTF-8"?>
<testsuite xmlns:xsi="http://www.w3.org/2001/XMLSchema-instance" xsi:noNamespaceSchemaLocation="https://maven.apache.org/surefire/maven-surefire-plugin/xsd/surefire-test-report-3.0.xsd" version="3.0" name="TestSuite" time="259.113" tests="10" errors="0" skipped="0" failures="0">
  <properties>
[...]
</properties>
  <testcase name="oneWayFromTextField[[Ljava.lang.String;@534ca02b](1)" classname="Bus.Bus_Confirmation_008_Test" time="27.818">
    <system-out><![CDATA[Number of rows in sheet : 1
Number of columns : 10
Empty Chrome Browser is launched Successfully
Browser Window is maximized
Landed Succesfully to the Home Page of the application
Data Entered Successfully in fromTextField in homePage
Data Entered Successfully in toTextField in homePage
29-Jan
Landed Succesfully to the Bus Result Page of the application
Selected the boarding point
clicked on pay now button, Error message displayed
]]></system-out>
    <system-err><![CDATA[ERROR StatusLogger Log4j2 could not find a logging implementation. Please add log4j-core to the classpath. Using SimpleLogger to log to the console...
SLF4J: Failed to load class "org.slf4j.impl.StaticLoggerBinder".
SLF4J: Defaulting to no-operation (NOP) logger implementation
SLF4J: See http://www.slf4j.org/codes.html#StaticLoggerBinder for further details.
Starting ChromeDriver 109.0.5414.74 (e7c5703604daa9cc128ccf5a5d3e993513758913-refs/branch-heads/5414@{#1172}) on port 43841
Only local connections are allowed.
Please see https://chromedriver.chromium.org/security-considerations for suggestions on keeping ChromeDriver safe.
ChromeDriver was started successfully.
Jan 25, 2023 11:30:15 AM org.openqa.selenium.remote.ProtocolHandshake createSession
INFO: Detected dialect: W3C
]]></system-err>
  </testcase>
  <testcase name="searchFlights[[Ljava.lang.String;@66c38e51](1)" classname="Bus.Bus_Oneway_005_Test$Bus_Oneway_004Test" time="21.229">
    <system-out><![CDATA[Number of rows in sheet : 1
Number of columns : 2
Empty Chrome Browser is launched Successfully
Browser Window is maximized
Landed Succesfully to the Home Page of the application
6-Feb
]]></system-out>
    <system-err><![CDATA[Starting ChromeDriver 109.0.5414.74 (e7c5703604daa9cc128ccf5a5d3e993513758913-refs/branch-heads/5414@{#1172}) on port 18781
Only local connections are allowed.
Please see https://chromedriver.chromium.org/security-considerations for suggestions on keeping ChromeDriver safe.
ChromeDriver was started successfully.
Jan 25, 2023 11:30:51 AM org.openqa.selenium.remote.ProtocolHandshake createSession
INFO: Detected dialect: W3C
]]></system-err>
  </testcase>
  <testcase name="oneWayFromTextField[[Ljava.lang.String;@5292ceca](1)" classname="Bus.Bus_Oneway_001_Test" time="5.616">
    <system-out><![CDATA[Number of rows in sheet : 1
Number of columns : 2
Empty Chrome Browser is launched Successfully
Browser Window is maximized
Landed Succesfully to the Home Page of the application
Data Entered Successfully in fromTextField in homePage
]]></system-out>
    <system-err><![CDATA[Starting ChromeDriver 109.0.5414.74 (e7c5703604daa9cc128ccf5a5d3e993513758913-refs/branch-heads/5414@{#1172}) on port 29465
Only local connections are allowed.
Please see https://chromedriver.chromium.org/security-considerations for suggestions on keeping ChromeDriver safe.
ChromeDriver was started successfully.
Jan 25, 2023 11:31:23 AM org.openqa.selenium.remote.ProtocolHandshake createSession
INFO: Detected dialect: W3C
]]></system-err>
  </testcase>
  <testcase name="negativeFromTextField[[Ljava.lang.String;@94e51e8](1)" classname="Bus.Bus_Oneway_002_Test" time="15.781">
    <system-out><![CDATA[Number of rows in sheet : 1
Number of columns : 2
Empty Chrome Browser is launched Successfully
Browser Window is maximized
Landed Succesfully to the Home Page of the application
Data Entered Successfully in fromTextField in homePage
Error message is displayed
]]></system-out>
    <system-err><![CDATA[Starting ChromeDriver 109.0.5414.74 (e7c5703604daa9cc128ccf5a5d3e993513758913-refs/branch-heads/5414@{#1172}) on port 27011
Only local connections are allowed.
Please see https://chromedriver.chromium.org/security-considerations for suggestions on keeping ChromeDriver safe.
ChromeDriver was started successfully.
Jan 25, 2023 11:31:35 AM org.openqa.selenium.remote.ProtocolHandshake createSession
INFO: Detected dialect: W3C
]]></system-err>
  </testcase>
  <testcase name="oneWayToTextField[[Ljava.lang.String;@23a918c7](1)" classname="Bus.Bus_Oneway_003_Test" time="11.601">
    <system-out><![CDATA[Number of rows in sheet : 1
Number of columns : 2
Empty Chrome Browser is launched Successfully
Browser Window is maximized
Landed Succesfully to the Home Page of the application
Data Entered Successfully in toTextField in homePage
]]></system-out>
    <system-err><![CDATA[Starting ChromeDriver 109.0.5414.74 (e7c5703604daa9cc128ccf5a5d3e993513758913-refs/branch-heads/5414@{#1172}) on port 60313
Only local connections are allowed.
Please see https://chromedriver.chromium.org/security-considerations for suggestions on keeping ChromeDriver safe.
ChromeDriver was started successfully.
Jan 25, 2023 11:32:09 AM org.openqa.selenium.remote.ProtocolHandshake createSession
INFO: Detected dialect: W3C
]]></system-err>
  </testcase>
  <testcase name="negativeToTextField[[Ljava.lang.String;@1d901f20](1)" classname="Bus.Bus_Oneway_004_Test" time="3.881">
    <system-out><![CDATA[Number of rows in sheet : 1
Number of columns : 3
Empty Chrome Browser is launched Successfully
Browser Window is maximized
Landed Succesfully to the Home Page of the application
Data entered successfully in fromTextBox
Data Entered Successfully in ToTextField
Error message is displayed
]]></system-out>
    <system-err><![CDATA[Starting ChromeDriver 109.0.5414.74 (e7c5703604daa9cc128ccf5a5d3e993513758913-refs/branch-heads/5414@{#1172}) on port 46666
Only local connections are allowed.
Please see https://chromedriver.chromium.org/security-considerations for suggestions on keeping ChromeDriver safe.
ChromeDriver was started successfully.
Jan 25, 2023 11:32:28 AM org.openqa.selenium.remote.ProtocolHandshake createSession
INFO: Detected dialect: W3C
]]></system-err>
  </testcase>
  <testcase name="searchButton" classname="Bus.Bus_Oneway_006_Test" time="4.614">
    <system-out><![CDATA[Empty Chrome Browser is launched Successfully
Browser Window is maximized
Landed Succesfully to the Home Page of the application
Error message is displayed
]]></system-out>
    <system-err><![CDATA[Starting ChromeDriver 109.0.5414.74 (e7c5703604daa9cc128ccf5a5d3e993513758913-refs/branch-heads/5414@{#1172}) on port 19696
Only local connections are allowed.
Please see https://chromedriver.chromium.org/security-considerations for suggestions on keeping ChromeDriver safe.
ChromeDriver was started successfully.
Jan 25, 2023 11:32:39 AM org.openqa.selenium.remote.ProtocolHandshake createSession
INFO: Detected dialect: W3C
]]></system-err>
  </testcase>
  <testcase name="oneWaySystemTesting[[Ljava.lang.String;@28157173](1)" classname="Bus.Bus_Oneway_009_Test" time="11.346">
    <system-out><![CDATA[Number of rows in sheet : 1
Number of columns : 9
Empty Chrome Browser is launched Successfully
Browser Window is maximized
Landed Succesfully to the Home Page of the application
Data Entered Successfully in fromTextField in homePage
Data Entered Successfully in toTextField in homePage
28-Jan
Landed Succesfully to the Bus Result Page of the application
clicked on the view seats button
]]></system-out>
    <system-err><![CDATA[Starting ChromeDriver 109.0.5414.74 (e7c5703604daa9cc128ccf5a5d3e993513758913-refs/branch-heads/5414@{#1172}) on port 12310
Only local connections are allowed.
Please see https://chromedriver.chromium.org/security-considerations for suggestions on keeping ChromeDriver safe.
ChromeDriver was started successfully.
Jan 25, 2023 11:32:50 AM org.openqa.selenium.remote.ProtocolHandshake createSession
INFO: Detected dialect: W3C
]]></system-err>
  </testcase>
  <testcase name="oneWaySystemTesting[[Ljava.lang.String;@67f9cb52](1)" classname="Bus.Bus_Oneway_Place_Test" time="26.295">
    <system-out><![CDATA[Number of rows in sheet : 1
Number of columns : 10
Empty Chrome Browser is launched Successfully
Browser Window is maximized
Landed Succesfully to the Home Page of the application
Data Entered Successfully in fromTextField in homePage
Data Entered Successfully in toTextField in homePage
15-Feb
Landed Succesfully to the Bus Result Page of the application
Selected the boarding point
15/02/2023
MR
clicked on pay now button, Error message displayed
]]></system-out>
    <system-err><![CDATA[Starting ChromeDriver 109.0.5414.74 (e7c5703604daa9cc128ccf5a5d3e993513758913-refs/branch-heads/5414@{#1172}) on port 41909
Only local connections are allowed.
Please see https://chromedriver.chromium.org/security-considerations for suggestions on keeping ChromeDriver safe.
ChromeDriver was started successfully.
Jan 25, 2023 11:33:07 AM org.openqa.selenium.remote.ProtocolHandshake createSession
INFO: Detected dialect: W3C
]]></system-err>
  </testcase>
  <testcase name="oneWayFromTextField[[Ljava.lang.String;@314b7945](1)" classname="Bus.Bus_Result_007_Test" time="42.139">
    <system-out><![CDATA[Number of rows in sheet : 1
Number of columns : 4
Empty Chrome Browser is launched Successfully
Browser Window is maximized
Landed Succesfully to the Home Page of the application
Data Entered Successfully in fromTextField in homePage
Data Entered Successfully in toTextField in homePage
28-Jan
Landed Succesfully to the Bus Result Page of the application
Selected the boarding point
]]></system-out>
    <system-err><![CDATA[Starting ChromeDriver 109.0.5414.74 (e7c5703604daa9cc128ccf5a5d3e993513758913-refs/branch-heads/5414@{#1172}) on port 36996
Only local connections are allowed.
Please see https://chromedriver.chromium.org/security-considerations for suggestions on keeping ChromeDriver safe.
ChromeDriver was started successfully.
Jan 25, 2023 11:33:39 AM org.openqa.selenium.remote.ProtocolHandshake createSession
INFO: Detected dialect: W3C
]]></system-err>
  </testcase>
</testsuite>