<?xml version="1.0" encoding="UTF-8"?>
<testsuite xmlns:xsi="http://www.w3.org/2001/XMLSchema-instance" xsi:noNamespaceSchemaLocation="https://maven.apache.org/surefire/maven-surefire-plugin/xsd/surefire-test-report-3.0.xsd" version="3.0" name="TestSuite" time="179.312" tests="5" errors="0" skipped="0" failures="0">
  <properties>
[...]
</properties>
  <testcase name="oneWayFromTextField[[Ljava.lang.String;@6f330eb9](1)" classname="Bus.Bus_Oneway_Place_Test" time="29.039">
    <system-out><![CDATA[Number of rows in sheet : 5
Number of columns : 10
Empty Chrome Browser is launched Successfully
Browser Window is maximized
Landed Succesfully to the Home Page of the application
Data Entered Successfully in fromTextField in homePage
Data Entered Successfully in toTextField in homePage
28-Jan
Landed Succesfully to the Bus Result Page of the application
Selected the boarding point
28/01/2023
MR
]]></system-out>
    <system-err><![CDATA[ERROR StatusLogger Log4j2 could not find a logging implementation. Please add log4j-core to the classpath. Using SimpleLogger to log to the console...
SLF4J: Failed to load class "org.slf4j.impl.StaticLoggerBinder".
SLF4J: Defaulting to no-operation (NOP) logger implementation
SLF4J: See http://www.slf4j.org/codes.html#StaticLoggerBinder for further details.
Starting ChromeDriver 109.0.5414.74 (e7c5703604daa9cc128ccf5a5d3e993513758913-refs/branch-heads/5414@{#1172}) on port 34825
Only local connections are allowed.
Please see https://chromedriver.chromium.org/security-considerations for suggestions on keeping ChromeDriver safe.
ChromeDriver was started successfully.
Jan 24, 2023 9:40:41 PM org.openqa.selenium.remote.ProtocolHandshake createSession
INFO: Detected dialect: W3C
]]></system-err>
  </testcase>
  <testcase name="oneWayFromTextField[[Ljava.lang.String;@1eb2d371](2)" classname="Bus.Bus_Oneway_Place_Test" time="15.866">
    <system-out><![CDATA[Empty Chrome Browser is launched Successfully
Browser Window is maximized
Landed Succesfully to the Home Page of the application
Data Entered Successfully in fromTextField in homePage
Data Entered Successfully in toTextField in homePage
1-Feb
Landed Succesfully to the Bus Result Page of the application
Selected the boarding point
01/02/2023
mr
]]></system-out>
    <system-err><![CDATA[Starting ChromeDriver 109.0.5414.74 (e7c5703604daa9cc128ccf5a5d3e993513758913-refs/branch-heads/5414@{#1172}) on port 28943
Only local connections are allowed.
Please see https://chromedriver.chromium.org/security-considerations for suggestions on keeping ChromeDriver safe.
ChromeDriver was started successfully.
Jan 24, 2023 9:41:19 PM org.openqa.selenium.remote.ProtocolHandshake createSession
INFO: Detected dialect: W3C
]]></system-err>
  </testcase>
  <testcase name="oneWayFromTextField[[Ljava.lang.String;@3662bdff](3)" classname="Bus.Bus_Oneway_Place_Test" time="31.606">
    <system-out><![CDATA[Empty Chrome Browser is launched Successfully
Browser Window is maximized
Landed Succesfully to the Home Page of the application
Data Entered Successfully in fromTextField in homePage
Data Entered Successfully in toTextField in homePage
7-Feb
Landed Succesfully to the Bus Result Page of the application
Selected the boarding point
07/02/2023
miss
]]></system-out>
    <system-err><![CDATA[Starting ChromeDriver 109.0.5414.74 (e7c5703604daa9cc128ccf5a5d3e993513758913-refs/branch-heads/5414@{#1172}) on port 35428
Only local connections are allowed.
Please see https://chromedriver.chromium.org/security-considerations for suggestions on keeping ChromeDriver safe.
ChromeDriver was started successfully.
Jan 24, 2023 9:41:43 PM org.openqa.selenium.remote.ProtocolHandshake createSession
INFO: Detected dialect: W3C
]]></system-err>
  </testcase>
  <testcase name="oneWayFromTextField[[Ljava.lang.String;@500051c5](4)" classname="Bus.Bus_Oneway_Place_Test" time="27.1">
    <system-out><![CDATA[Empty Chrome Browser is launched Successfully
Browser Window is maximized
Landed Succesfully to the Home Page of the application
Data Entered Successfully in fromTextField in homePage
Data Entered Successfully in toTextField in homePage
20-Feb
Landed Succesfully to the Bus Result Page of the application
Selected the boarding point
20/02/2023
miss
]]></system-out>
    <system-err><![CDATA[Starting ChromeDriver 109.0.5414.74 (e7c5703604daa9cc128ccf5a5d3e993513758913-refs/branch-heads/5414@{#1172}) on port 1722
Only local connections are allowed.
Please see https://chromedriver.chromium.org/security-considerations for suggestions on keeping ChromeDriver safe.
ChromeDriver was started successfully.
Jan 24, 2023 9:42:23 PM org.openqa.selenium.remote.ProtocolHandshake createSession
INFO: Detected dialect: W3C
]]></system-err>
  </testcase>
  <testcase name="oneWayFromTextField[[Ljava.lang.String;@3820cfe](5)" classname="Bus.Bus_Oneway_Place_Test" time="28.432">
    <system-out><![CDATA[Empty Chrome Browser is launched Successfully
Browser Window is maximized
Landed Succesfully to the Home Page of the application
Data Entered Successfully in fromTextField in homePage
Data Entered Successfully in toTextField in homePage
15-Feb
Landed Succesfully to the Bus Result Page of the application
Selected the boarding point
15/02/2023
MR
]]></system-out>
    <system-err><![CDATA[Starting ChromeDriver 109.0.5414.74 (e7c5703604daa9cc128ccf5a5d3e993513758913-refs/branch-heads/5414@{#1172}) on port 11100
Only local connections are allowed.
Please see https://chromedriver.chromium.org/security-considerations for suggestions on keeping ChromeDriver safe.
ChromeDriver was started successfully.
Jan 24, 2023 9:42:58 PM org.openqa.selenium.remote.ProtocolHandshake createSession
INFO: Detected dialect: W3C
]]></system-err>
  </testcase>
</testsuite>