<?xml version="1.0" encoding="UTF-8"?>
<testng-results skipped="0" failed="0" ignored="0" total="5" passed="5">
  <reporter-output>
    <line>
      <![CDATA[Empty Chrome Browser is launched Successfully]]>
    </line>
    <line>
      <![CDATA[Browser Window is maximized]]>
    </line>
    <line>
      <![CDATA[Landed Succesfully to the Home Page of the application]]>
    </line>
    <line>
      <![CDATA[Data Entered Successfully in fromTextField in homePage]]>
    </line>
    <line>
      <![CDATA[Data Entered Successfully in toTextField in homePage]]>
    </line>
    <line>
      <![CDATA[Landed Succesfully to the Bus Result Page of the application]]>
    </line>
    <line>
      <![CDATA[Selected the boarding point]]>
    </line>
    <line>
      <![CDATA[firstname entered correctly]]>
    </line>
    <line>
      <![CDATA[Age entered correctly]]>
    </line>
    <line>
      <![CDATA[phoneNumber entered correctly]]>
    </line>
    <line>
      <![CDATA[Email entered correctly]]>
    </line>
    <line>
      <![CDATA[Clicked on Proceed button]]>
    </line>
    <line>
      <![CDATA[clicked on confirm button]]>
    </line>
    <line>
      <![CDATA[clicked on pay now button]]>
    </line>
    <line>
      <![CDATA[Empty Chrome Browser is launched Successfully]]>
    </line>
    <line>
      <![CDATA[Browser Window is maximized]]>
    </line>
    <line>
      <![CDATA[Landed Succesfully to the Home Page of the application]]>
    </line>
    <line>
      <![CDATA[Data Entered Successfully in fromTextField in homePage]]>
    </line>
    <line>
      <![CDATA[Data Entered Successfully in toTextField in homePage]]>
    </line>
    <line>
      <![CDATA[Landed Succesfully to the Bus Result Page of the application]]>
    </line>
    <line>
      <![CDATA[Selected the boarding point]]>
    </line>
    <line>
      <![CDATA[firstname entered correctly]]>
    </line>
    <line>
      <![CDATA[Age entered correctly]]>
    </line>
    <line>
      <![CDATA[phoneNumber entered correctly]]>
    </line>
    <line>
      <![CDATA[Email entered correctly]]>
    </line>
    <line>
      <![CDATA[Clicked on Proceed button]]>
    </line>
    <line>
      <![CDATA[clicked on confirm button]]>
    </line>
    <line>
      <![CDATA[clicked on pay now button]]>
    </line>
    <line>
      <![CDATA[Empty Chrome Browser is launched Successfully]]>
    </line>
    <line>
      <![CDATA[Browser Window is maximized]]>
    </line>
    <line>
      <![CDATA[Landed Succesfully to the Home Page of the application]]>
    </line>
    <line>
      <![CDATA[Data Entered Successfully in fromTextField in homePage]]>
    </line>
    <line>
      <![CDATA[Data Entered Successfully in toTextField in homePage]]>
    </line>
    <line>
      <![CDATA[Landed Succesfully to the Bus Result Page of the application]]>
    </line>
    <line>
      <![CDATA[Selected the boarding point]]>
    </line>
    <line>
      <![CDATA[firstname entered correctly]]>
    </line>
    <line>
      <![CDATA[Age entered correctly]]>
    </line>
    <line>
      <![CDATA[phoneNumber entered correctly]]>
    </line>
    <line>
      <![CDATA[Email entered correctly]]>
    </line>
    <line>
      <![CDATA[Clicked on Proceed button]]>
    </line>
    <line>
      <![CDATA[clicked on confirm button]]>
    </line>
    <line>
      <![CDATA[clicked on pay now button]]>
    </line>
    <line>
      <![CDATA[Empty Chrome Browser is launched Successfully]]>
    </line>
    <line>
      <![CDATA[Browser Window is maximized]]>
    </line>
    <line>
      <![CDATA[Landed Succesfully to the Home Page of the application]]>
    </line>
    <line>
      <![CDATA[Data Entered Successfully in fromTextField in homePage]]>
    </line>
    <line>
      <![CDATA[Data Entered Successfully in toTextField in homePage]]>
    </line>
    <line>
      <![CDATA[Landed Succesfully to the Bus Result Page of the application]]>
    </line>
    <line>
      <![CDATA[Selected the boarding point]]>
    </line>
    <line>
      <![CDATA[firstname entered correctly]]>
    </line>
    <line>
      <![CDATA[Age entered correctly]]>
    </line>
    <line>
      <![CDATA[phoneNumber entered correctly]]>
    </line>
    <line>
      <![CDATA[Email entered correctly]]>
    </line>
    <line>
      <![CDATA[Clicked on Proceed button]]>
    </line>
    <line>
      <![CDATA[clicked on confirm button]]>
    </line>
    <line>
      <![CDATA[clicked on pay now button]]>
    </line>
    <line>
      <![CDATA[Empty Chrome Browser is launched Successfully]]>
    </line>
    <line>
      <![CDATA[Browser Window is maximized]]>
    </line>
    <line>
      <![CDATA[Landed Succesfully to the Home Page of the application]]>
    </line>
    <line>
      <![CDATA[Data Entered Successfully in fromTextField in homePage]]>
    </line>
    <line>
      <![CDATA[Data Entered Successfully in toTextField in homePage]]>
    </line>
    <line>
      <![CDATA[Landed Succesfully to the Bus Result Page of the application]]>
    </line>
    <line>
      <![CDATA[Selected the boarding point]]>
    </line>
    <line>
      <![CDATA[firstname entered correctly]]>
    </line>
    <line>
      <![CDATA[Age entered correctly]]>
    </line>
    <line>
      <![CDATA[phoneNumber entered correctly]]>
    </line>
    <line>
      <![CDATA[Email entered correctly]]>
    </line>
    <line>
      <![CDATA[Clicked on Proceed button]]>
    </line>
    <line>
      <![CDATA[clicked on confirm button]]>
    </line>
    <line>
      <![CDATA[clicked on pay now button]]>
    </line>
  </reporter-output>
  <suite name="Suite" duration-ms="193787" started-at="2023-01-25T09:32:36 IST" finished-at="2023-01-25T09:35:50 IST">
    <groups>
    </groups>
    <test name="Test" duration-ms="193787" started-at="2023-01-25T09:32:36 IST" finished-at="2023-01-25T09:35:50 IST">
      <class name="Bus.Bus_Oneway_Place_Test">
        <test-method status="PASS" signature="browserSetUp(java.lang.String)[pri:0, instance:Bus.Bus_Oneway_Place_Test@6321e813]" name="browserSetUp" is-config="true" duration-ms="15317" started-at="2023-01-25T09:32:37 IST" finished-at="2023-01-25T09:32:52 IST">
          <params>
            <param index="0">
              <value>
                <![CDATA[chrome]]>
              </value>
            </param>
          </params>
          <reporter-output>
            <line>
              <![CDATA[Empty Chrome Browser is launched Successfully]]>
            </line>
            <line>
              <![CDATA[Browser Window is maximized]]>
            </line>
            <line>
              <![CDATA[Landed Succesfully to the Home Page of the application]]>
            </line>
          </reporter-output>
        </test-method> <!-- browserSetUp -->
        <test-method status="PASS" signature="oneWaySystemTesting([Ljava.lang.String;)[pri:0, instance:Bus.Bus_Oneway_Place_Test@6321e813]" name="oneWaySystemTesting" duration-ms="44276" started-at="2023-01-25T09:32:52 IST" data-provider="data" finished-at="2023-01-25T09:33:36 IST">
          <params>
            <param index="0">
              <value>
                <![CDATA[[Ljava.lang.String;@6f330eb9]]>
              </value>
            </param>
          </params>
          <reporter-output>
            <line>
              <![CDATA[Data Entered Successfully in fromTextField in homePage]]>
            </line>
            <line>
              <![CDATA[Data Entered Successfully in toTextField in homePage]]>
            </line>
            <line>
              <![CDATA[Landed Succesfully to the Bus Result Page of the application]]>
            </line>
            <line>
              <![CDATA[Selected the boarding point]]>
            </line>
            <line>
              <![CDATA[firstname entered correctly]]>
            </line>
            <line>
              <![CDATA[Age entered correctly]]>
            </line>
            <line>
              <![CDATA[phoneNumber entered correctly]]>
            </line>
            <line>
              <![CDATA[Email entered correctly]]>
            </line>
            <line>
              <![CDATA[Clicked on Proceed button]]>
            </line>
            <line>
              <![CDATA[clicked on confirm button]]>
            </line>
            <line>
              <![CDATA[clicked on pay now button]]>
            </line>
          </reporter-output>
        </test-method> <!-- oneWaySystemTesting -->
        <test-method status="PASS" signature="browserTermination()[pri:0, instance:Bus.Bus_Oneway_Place_Test@6321e813]" name="browserTermination" is-config="true" duration-ms="1349" started-at="2023-01-25T09:33:36 IST" finished-at="2023-01-25T09:33:38 IST">
          <reporter-output>
          </reporter-output>
        </test-method> <!-- browserTermination -->
        <test-method status="PASS" signature="browserSetUp(java.lang.String)[pri:0, instance:Bus.Bus_Oneway_Place_Test@6321e813]" name="browserSetUp" is-config="true" duration-ms="8800" started-at="2023-01-25T09:33:38 IST" finished-at="2023-01-25T09:33:46 IST">
          <params>
            <param index="0">
              <value>
                <![CDATA[chrome]]>
              </value>
            </param>
          </params>
          <reporter-output>
            <line>
              <![CDATA[Empty Chrome Browser is launched Successfully]]>
            </line>
            <line>
              <![CDATA[Browser Window is maximized]]>
            </line>
            <line>
              <![CDATA[Landed Succesfully to the Home Page of the application]]>
            </line>
          </reporter-output>
        </test-method> <!-- browserSetUp -->
        <test-method status="PASS" signature="oneWaySystemTesting([Ljava.lang.String;)[pri:0, instance:Bus.Bus_Oneway_Place_Test@6321e813]" name="oneWaySystemTesting" duration-ms="15409" started-at="2023-01-25T09:33:46 IST" data-provider="data" finished-at="2023-01-25T09:34:02 IST">
          <params>
            <param index="0">
              <value>
                <![CDATA[[Ljava.lang.String;@1eb2d371]]>
              </value>
            </param>
          </params>
          <reporter-output>
            <line>
              <![CDATA[Data Entered Successfully in fromTextField in homePage]]>
            </line>
            <line>
              <![CDATA[Data Entered Successfully in toTextField in homePage]]>
            </line>
            <line>
              <![CDATA[Landed Succesfully to the Bus Result Page of the application]]>
            </line>
            <line>
              <![CDATA[Selected the boarding point]]>
            </line>
            <line>
              <![CDATA[firstname entered correctly]]>
            </line>
            <line>
              <![CDATA[Age entered correctly]]>
            </line>
            <line>
              <![CDATA[phoneNumber entered correctly]]>
            </line>
            <line>
              <![CDATA[Email entered correctly]]>
            </line>
            <line>
              <![CDATA[Clicked on Proceed button]]>
            </line>
            <line>
              <![CDATA[clicked on confirm button]]>
            </line>
            <line>
              <![CDATA[clicked on pay now button]]>
            </line>
          </reporter-output>
        </test-method> <!-- oneWaySystemTesting -->
        <test-method status="PASS" signature="browserTermination()[pri:0, instance:Bus.Bus_Oneway_Place_Test@6321e813]" name="browserTermination" is-config="true" duration-ms="1318" started-at="2023-01-25T09:34:02 IST" finished-at="2023-01-25T09:34:03 IST">
          <reporter-output>
          </reporter-output>
        </test-method> <!-- browserTermination -->
        <test-method status="PASS" signature="browserSetUp(java.lang.String)[pri:0, instance:Bus.Bus_Oneway_Place_Test@6321e813]" name="browserSetUp" is-config="true" duration-ms="6788" started-at="2023-01-25T09:34:03 IST" finished-at="2023-01-25T09:34:10 IST">
          <params>
            <param index="0">
              <value>
                <![CDATA[chrome]]>
              </value>
            </param>
          </params>
          <reporter-output>
            <line>
              <![CDATA[Empty Chrome Browser is launched Successfully]]>
            </line>
            <line>
              <![CDATA[Browser Window is maximized]]>
            </line>
            <line>
              <![CDATA[Landed Succesfully to the Home Page of the application]]>
            </line>
          </reporter-output>
        </test-method> <!-- browserSetUp -->
        <test-method status="PASS" signature="oneWaySystemTesting([Ljava.lang.String;)[pri:0, instance:Bus.Bus_Oneway_Place_Test@6321e813]" name="oneWaySystemTesting" duration-ms="25412" started-at="2023-01-25T09:34:10 IST" data-provider="data" finished-at="2023-01-25T09:34:35 IST">
          <params>
            <param index="0">
              <value>
                <![CDATA[[Ljava.lang.String;@f324455]]>
              </value>
            </param>
          </params>
          <reporter-output>
            <line>
              <![CDATA[Data Entered Successfully in fromTextField in homePage]]>
            </line>
            <line>
              <![CDATA[Data Entered Successfully in toTextField in homePage]]>
            </line>
            <line>
              <![CDATA[Landed Succesfully to the Bus Result Page of the application]]>
            </line>
            <line>
              <![CDATA[Selected the boarding point]]>
            </line>
            <line>
              <![CDATA[firstname entered correctly]]>
            </line>
            <line>
              <![CDATA[Age entered correctly]]>
            </line>
            <line>
              <![CDATA[phoneNumber entered correctly]]>
            </line>
            <line>
              <![CDATA[Email entered correctly]]>
            </line>
            <line>
              <![CDATA[Clicked on Proceed button]]>
            </line>
            <line>
              <![CDATA[clicked on confirm button]]>
            </line>
            <line>
              <![CDATA[clicked on pay now button]]>
            </line>
          </reporter-output>
        </test-method> <!-- oneWaySystemTesting -->
        <test-method status="PASS" signature="browserTermination()[pri:0, instance:Bus.Bus_Oneway_Place_Test@6321e813]" name="browserTermination" is-config="true" duration-ms="1142" started-at="2023-01-25T09:34:35 IST" finished-at="2023-01-25T09:34:36 IST">
          <reporter-output>
          </reporter-output>
        </test-method> <!-- browserTermination -->
        <test-method status="PASS" signature="browserSetUp(java.lang.String)[pri:0, instance:Bus.Bus_Oneway_Place_Test@6321e813]" name="browserSetUp" is-config="true" duration-ms="4780" started-at="2023-01-25T09:34:36 IST" finished-at="2023-01-25T09:34:41 IST">
          <params>
            <param index="0">
              <value>
                <![CDATA[chrome]]>
              </value>
            </param>
          </params>
          <reporter-output>
            <line>
              <![CDATA[Empty Chrome Browser is launched Successfully]]>
            </line>
            <line>
              <![CDATA[Browser Window is maximized]]>
            </line>
            <line>
              <![CDATA[Landed Succesfully to the Home Page of the application]]>
            </line>
          </reporter-output>
        </test-method> <!-- browserSetUp -->
        <test-method status="PASS" signature="oneWaySystemTesting([Ljava.lang.String;)[pri:0, instance:Bus.Bus_Oneway_Place_Test@6321e813]" name="oneWaySystemTesting" duration-ms="36013" started-at="2023-01-25T09:34:41 IST" data-provider="data" finished-at="2023-01-25T09:35:17 IST">
          <params>
            <param index="0">
              <value>
                <![CDATA[[Ljava.lang.String;@72543547]]>
              </value>
            </param>
          </params>
          <reporter-output>
            <line>
              <![CDATA[Data Entered Successfully in fromTextField in homePage]]>
            </line>
            <line>
              <![CDATA[Data Entered Successfully in toTextField in homePage]]>
            </line>
            <line>
              <![CDATA[Landed Succesfully to the Bus Result Page of the application]]>
            </line>
            <line>
              <![CDATA[Selected the boarding point]]>
            </line>
            <line>
              <![CDATA[firstname entered correctly]]>
            </line>
            <line>
              <![CDATA[Age entered correctly]]>
            </line>
            <line>
              <![CDATA[phoneNumber entered correctly]]>
            </line>
            <line>
              <![CDATA[Email entered correctly]]>
            </line>
            <line>
              <![CDATA[Clicked on Proceed button]]>
            </line>
            <line>
              <![CDATA[clicked on confirm button]]>
            </line>
            <line>
              <![CDATA[clicked on pay now button]]>
            </line>
          </reporter-output>
        </test-method> <!-- oneWaySystemTesting -->
        <test-method status="PASS" signature="browserTermination()[pri:0, instance:Bus.Bus_Oneway_Place_Test@6321e813]" name="browserTermination" is-config="true" duration-ms="1135" started-at="2023-01-25T09:35:17 IST" finished-at="2023-01-25T09:35:18 IST">
          <reporter-output>
          </reporter-output>
        </test-method> <!-- browserTermination -->
        <test-method status="PASS" signature="browserSetUp(java.lang.String)[pri:0, instance:Bus.Bus_Oneway_Place_Test@6321e813]" name="browserSetUp" is-config="true" duration-ms="4458" started-at="2023-01-25T09:35:18 IST" finished-at="2023-01-25T09:35:23 IST">
          <params>
            <param index="0">
              <value>
                <![CDATA[chrome]]>
              </value>
            </param>
          </params>
          <reporter-output>
            <line>
              <![CDATA[Empty Chrome Browser is launched Successfully]]>
            </line>
            <line>
              <![CDATA[Browser Window is maximized]]>
            </line>
            <line>
              <![CDATA[Landed Succesfully to the Home Page of the application]]>
            </line>
          </reporter-output>
        </test-method> <!-- browserSetUp -->
        <test-method status="PASS" signature="oneWaySystemTesting([Ljava.lang.String;)[pri:0, instance:Bus.Bus_Oneway_Place_Test@6321e813]" name="oneWaySystemTesting" duration-ms="25589" started-at="2023-01-25T09:35:23 IST" data-provider="data" finished-at="2023-01-25T09:35:48 IST">
          <params>
            <param index="0">
              <value>
                <![CDATA[[Ljava.lang.String;@272778ae]]>
              </value>
            </param>
          </params>
          <reporter-output>
            <line>
              <![CDATA[Data Entered Successfully in fromTextField in homePage]]>
            </line>
            <line>
              <![CDATA[Data Entered Successfully in toTextField in homePage]]>
            </line>
            <line>
              <![CDATA[Landed Succesfully to the Bus Result Page of the application]]>
            </line>
            <line>
              <![CDATA[Selected the boarding point]]>
            </line>
            <line>
              <![CDATA[firstname entered correctly]]>
            </line>
            <line>
              <![CDATA[Age entered correctly]]>
            </line>
            <line>
              <![CDATA[phoneNumber entered correctly]]>
            </line>
            <line>
              <![CDATA[Email entered correctly]]>
            </line>
            <line>
              <![CDATA[Clicked on Proceed button]]>
            </line>
            <line>
              <![CDATA[clicked on confirm button]]>
            </line>
            <line>
              <![CDATA[clicked on pay now button]]>
            </line>
          </reporter-output>
        </test-method> <!-- oneWaySystemTesting -->
        <test-method status="PASS" signature="browserTermination()[pri:0, instance:Bus.Bus_Oneway_Place_Test@6321e813]" name="browserTermination" is-config="true" duration-ms="1187" started-at="2023-01-25T09:35:48 IST" finished-at="2023-01-25T09:35:50 IST">
          <reporter-output>
          </reporter-output>
        </test-method> <!-- browserTermination -->
      </class> <!-- Bus.Bus_Oneway_Place_Test -->
    </test> <!-- Test -->
  </suite> <!-- Suite -->
</testng-results>
